1680720021269	geckodriver	INFO	Listening on 127.0.0.1:35653
1680720022272	mozrunner::runner	INFO	Running command: MOZ_CRASHREPORTER="1" MOZ_CRASHREPORTER_NO_REPORT="1" MOZ_CRASHREPORTER_SHUTDOWN="1" MOZ_NO_REMOTE="1" "/usr ... he" "--remote-debugging-port" "51079" "--remote-allow-hosts" "localhost" "-no-remote" "-profile" "/tmp/rust_mozprofile1hghnA"
*** You are running in headless mode.
[Parent 22769, Main Thread] WARNING: read-only dup failed (Permission denied); not using memfd: file ./ipc/chromium/src/base/shared_memory_posix.cc:247
[GFX1-]: glxtest: libpci missing
[GFX1-]: glxtest: Unable to open a connection to the X server
[GFX1-]: glxtest: libEGL initialize failed
[GFX1-]: No GPUs detected via PCI
1680720024897	Marionette	INFO	Marionette enabled
1680720024931	Marionette	INFO	Listening on port 41741
WebDriver BiDi listening on ws://localhost:51079
Read port: 41741
1680720025672	RemoteAgent	WARN	TLS certificate errors will be ignored for this session
[GFX1-]: RenderCompositorSWGL failed mapping default framebuffer, no dt
console.warn: SearchSettings: "get: No settings file exists, new profile?" (new NotFoundError("Could not open the file at /tmp/rust_mozprofile1hghnA/search.json.mozlz4", (void 0)))
[Child 22943, Main Thread] WARNING: read-only dup failed (Permission denied); not using memfd: file ./ipc/chromium/src/base/shared_memory_posix.cc:247
Missing chrome or resource URL: resource://gre/modules/UpdateListener.jsm
Missing chrome or resource URL: resource://gre/modules/UpdateListener.sys.mjs
DevTools listening on ws://localhost:51079/devtools/browser/f97fe6c7-dfec-4b34-b660-c3c574253a65
[Child 22990, TaskController #3] WARNING: read-only dup failed (Permission denied); not using memfd: file ./ipc/chromium/src/base/shared_memory_posix.cc:247
[Child 23009, Main Thread] WARNING: read-only dup failed (Permission denied); not using memfd: file ./ipc/chromium/src/base/shared_memory_posix.cc:247
console.warn: LoginRecipes: "getRecipes: falling back to a synchronous message for:" "https://www.24edu.ro"
1680720099194	geckodriver	INFO	Listening on 127.0.0.1:37217
1680720100107	mozrunner::runner	INFO	Running command: MOZ_CRASHREPORTER="1" MOZ_CRASHREPORTER_NO_REPORT="1" MOZ_CRASHREPORTER_SHUTDOWN="1" MOZ_NO_REMOTE="1" "/usr ... he" "--remote-debugging-port" "40825" "--remote-allow-hosts" "localhost" "-no-remote" "-profile" "/tmp/rust_mozprofileSisQhi"
*** You are running in headless mode.
[Parent 23271, Main Thread] WARNING: read-only dup failed (Permission denied); not using memfd: file ./ipc/chromium/src/base/shared_memory_posix.cc:247
[GFX1-]: glxtest: libpci missing
[GFX1-]: glxtest: Unable to open a connection to the X server
[GFX1-]: glxtest: libEGL initialize failed
[GFX1-]: No GPUs detected via PCI
1680720102322	Marionette	INFO	Marionette enabled
1680720102349	Marionette	INFO	Listening on port 34343
WebDriver BiDi listening on ws://localhost:40825
Read port: 34343
1680720103234	RemoteAgent	WARN	TLS certificate errors will be ignored for this session
[GFX1-]: RenderCompositorSWGL failed mapping default framebuffer, no dt
console.warn: SearchSettings: "get: No settings file exists, new profile?" (new NotFoundError("Could not open the file at /tmp/rust_mozprofileSisQhi/search.json.mozlz4", (void 0)))
[Child 23444, Main Thread] WARNING: read-only dup failed (Permission denied); not using memfd: file ./ipc/chromium/src/base/shared_memory_posix.cc:247
Missing chrome or resource URL: resource://gre/modules/UpdateListener.jsm
Missing chrome or resource URL: resource://gre/modules/UpdateListener.sys.mjs
DevTools listening on ws://localhost:40825/devtools/browser/50589f2a-2a78-4bd9-9cba-c1600f83d3e2
[Child 23485, TaskController #2] WARNING: read-only dup failed (Permission denied); not using memfd: file ./ipc/chromium/src/base/shared_memory_posix.cc:247
[Child 23504, Main Thread] WARNING: read-only dup failed (Permission denied); not using memfd: file ./ipc/chromium/src/base/shared_memory_posix.cc:247
console.warn: LoginRecipes: "getRecipes: falling back to a synchronous message for:" "https://www.24edu.ro"
1680811098613	geckodriver	INFO	Listening on 127.0.0.1:51591
1680811099674	mozrunner::runner	INFO	Running command: MOZ_CRASHREPORTER="1" MOZ_CRASHREPORTER_NO_REPORT="1" MOZ_CRASHREPORTER_SHUTDOWN="1" MOZ_NO_REMOTE="1" "/usr ... he" "--remote-debugging-port" "48947" "--remote-allow-hosts" "localhost" "-no-remote" "-profile" "/tmp/rust_mozprofileXXDKYe"
*** You are running in headless mode.
[Parent 25942, Main Thread] WARNING: read-only dup failed (Permission denied); not using memfd: file ./ipc/chromium/src/base/shared_memory_posix.cc:247
[GFX1-]: glxtest: libpci missing
[GFX1-]: glxtest: Unable to open a connection to the X server
[GFX1-]: glxtest: libEGL initialize failed
[GFX1-]: No GPUs detected via PCI
1680811102109	Marionette	INFO	Marionette enabled
1680811102137	Marionette	INFO	Listening on port 46441
WebDriver BiDi listening on ws://localhost:48947
Read port: 46441
1680811102893	RemoteAgent	WARN	TLS certificate errors will be ignored for this session
[GFX1-]: RenderCompositorSWGL failed mapping default framebuffer, no dt
console.warn: SearchSettings: "get: No settings file exists, new profile?" (new NotFoundError("Could not open the file at /tmp/rust_mozprofileXXDKYe/search.json.mozlz4", (void 0)))
[Child 26096, Main Thread] WARNING: read-only dup failed (Permission denied); not using memfd: file ./ipc/chromium/src/base/shared_memory_posix.cc:247
Missing chrome or resource URL: resource://gre/modules/UpdateListener.jsm
Missing chrome or resource URL: resource://gre/modules/UpdateListener.sys.mjs
DevTools listening on ws://localhost:48947/devtools/browser/9fc27d1c-43c0-488e-a09e-0f6144ee9a10
[Child 26140, TaskController #2] WARNING: read-only dup failed (Permission denied); not using memfd: file ./ipc/chromium/src/base/shared_memory_posix.cc:247
[Child 26159, Main Thread] WARNING: read-only dup failed (Permission denied); not using memfd: file ./ipc/chromium/src/base/shared_memory_posix.cc:247
console.warn: LoginRecipes: "getRecipes: falling back to a synchronous message for:" "https://www.24edu.ro"
[Child 26446, Main Thread] WARNING: read-only dup failed (Permission denied); not using memfd: file ./ipc/chromium/src/base/shared_memory_posix.cc:247
1680811475891	geckodriver	INFO	Listening on 127.0.0.1:57925
1680811476894	mozrunner::runner	INFO	Running command: MOZ_CRASHREPORTER="1" MOZ_CRASHREPORTER_NO_REPORT="1" MOZ_CRASHREPORTER_SHUTDOWN="1" MOZ_NO_REMOTE="1" "/usr ... e2" "--remote-debugging-port" "37765" "--remote-allow-hosts" "localhost" "-no-remote" "-profile" "/tmp/rust_mozprofile95zicG"
*** You are running in headless mode.
[Parent 27060, Main Thread] WARNING: read-only dup failed (Permission denied); not using memfd: file ./ipc/chromium/src/base/shared_memory_posix.cc:247
[GFX1-]: glxtest: libpci missing
[GFX1-]: glxtest: Unable to open a connection to the X server
[GFX1-]: glxtest: libEGL initialize failed
[GFX1-]: No GPUs detected via PCI
1680811479462	Marionette	INFO	Marionette enabled
1680811479494	Marionette	INFO	Listening on port 43843
Read port: 43843
WebDriver BiDi listening on ws://localhost:37765
1680811480229	RemoteAgent	WARN	TLS certificate errors will be ignored for this session
[GFX1-]: RenderCompositorSWGL failed mapping default framebuffer, no dt
console.warn: SearchSettings: "get: No settings file exists, new profile?" (new NotFoundError("Could not open the file at /tmp/rust_mozprofile95zicG/search.json.mozlz4", (void 0)))
Missing chrome or resource URL: resource://gre/modules/UpdateListener.jsm
Missing chrome or resource URL: resource://gre/modules/UpdateListener.sys.mjs
DevTools listening on ws://localhost:37765/devtools/browser/aeecf762-8358-42a8-b842-e1014b488db3
[Child 27224, TaskController #3] WARNING: read-only dup failed (Permission denied); not using memfd: file ./ipc/chromium/src/base/shared_memory_posix.cc:247
[Child 27313, Main Thread] WARNING: read-only dup failed (Permission denied); not using memfd: file ./ipc/chromium/src/base/shared_memory_posix.cc:247
console.warn: LoginRecipes: "getRecipes: falling back to a synchronous message for:" "https://www.24edu.ro"
The futex facility returned an unexpected error code.
[warn] epoll_wait: Function not implemented
[warn] epoll_wait: Function not implemented
[warn] epoll_wait: Function not implemented
[warn] epoll_wait: Function not implemented
[warn] epoll_wait: Function not implemented
[warn] epoll_wait: Function not implemented
[warn] epoll_wait: Function not implemented
[warn] epoll_wait: Function not implemented
[warn] epoll_wait: Function not implemented
[warn] epoll_wait: Function not implemented
[warn] epoll_wait: Function not implemented
[warn] epoll_wait: Function not implemented
[warn] epoll_wait: Function not implemented
[warn] epoll_wait: Function not implemented
[warn] epoll_wait: Function not implemented
[warn] epoll_wait: Function not implemented
[warn] epoll_wait: Function not implemented
[warn] epoll_wait: Function not implemented
[warn] epoll_wait: Function not implemented
[warn] epoll_wait: Function not implemented
[warn] epoll_wait: Function not implemented
[warn] epoll_wait: Function not implemented
[warn] epoll_wait: Function not implemented
[warn] epoll_wait: Function not implemented
[warn] epoll_wait: Function not implemented
[warn] epoll_wait: Function not implemented
[warn] epoll_wait: Function not implemented
[warn] epoll_wait: Function not implemented
[warn] epoll_wait: Function not implemented
[warn] epoll_wait: Function not implemented
[warn] epoll_wait: Function not implemented
[warn] epoll_wait: Function not implemented
[warn] epoll_wait: Function not implemented
[warn] epoll_wait: Function not implemented
[warn] epoll_wait: Function not implemented
[warn] epoll_wait: Function not implemented
[warn] epoll_wait: Function not implemented
[warn] epoll_wait: Function not implemented
[warn] epoll_wait: Function not implemented
[warn] epoll_wait: Function not implemented
[warn] epoll_wait: Function not implemented
[warn] epoll_wait: Function not implemented
[warn] epoll_wait: Function not implemented
[warn] epoll_wait: Function not implemented
[warn] epoll_wait: Function not implemented
[warn] epoll_wait: Function not implemented
[warn] epoll_wait: Function not implemented
[warn] epoll_wait: Function not implemented
[warn] epoll_wait: Function not implemented
[warn] epoll_wait: Function not implemented
[warn] epoll_wait: Function not implemented
[warn] epoll_wait: Function not implemented
[warn] epoll_wait: Function not implemented
[warn] epoll_wait: Function not implemented
[warn] epoll_wait: Function not implemented
[warn] epoll_wait: Function not implemented
The futex facility returned an unexpected error code.
[warn] epoll_wait: Function not implemented
[warn] epoll_wait: Function not implemented
[warn] epoll_wait: Function not implemented
[warn] epoll_wait: Function not implemented
[warn] epoll_wait: Function not implemented
The futex facility returned an unexpected error code.
[warn] epoll_wait: Function not implemented
[warn] epoll_wait: Function not implemented
[warn] epoll_wait: Function not implemented
[warn] epoll_wait: Function not implemented
[warn] epoll_wait: Function not implemented
[warn] epoll_wait: Function not implemented
[warn] epoll_wait: Function not implemented
[warn] epoll_wait: Function not implemented
[warn] epoll_wait: Function not implemented
[warn] epoll_wait: Function not implemented
[warn] epoll_wait: Function not implemented
[warn] epoll_wait: Function not implemented
[warn] epoll_wait: Function not implemented
[warn] epoll_wait: Function not implemented
[warn] epoll_wait: Function not implemented
[warn] epoll_wait: Function not implemented
[warn] epoll_wait: Function not implemented
[warn] epoll_wait: Function not implemented
[warn] epoll_wait: Function not implemented
[warn] epoll_wait: Function not implemented
[warn] epoll_wait: Function not implemented
[warn] epoll_wait: Function not implemented
[warn] epoll_wait: Function not implemented
[warn] epoll_wait: Function not implemented
[warn] epoll_wait: Function not implemented
[warn] epoll_wait: Function not implemented
[warn] epoll_wait: Function not implemented
[warn] epoll_wait: Function not implemented
[warn] epoll_wait: Function not implemented
[warn] epoll_wait: Function not implemented
[warn] epoll_wait: Function not implemented
[warn] epoll_wait: Function not implemented
[warn] epoll_wait: Function not implemented
[warn] epoll_wait: Function not implemented
[warn] epoll_wait: Function not implemented
[warn] epoll_wait: Function not implemented
[warn] epoll_wait: Function not implemented
[warn] epoll_wait: Function not implemented
[warn] epoll_wait: Function not implemented
[warn] epoll_wait: Function not implemented
[warn] epoll_wait: Function not implemented
[warn] epoll_wait: Function not implemented
[warn] epoll_wait: Function not implemented
[warn] epoll_wait: Function not implemented
[warn] epoll_wait: Function not implemented
[warn] epoll_wait: Function not implemented
[warn] epoll_wait: Function not implemented
[warn] epoll_wait: Function not implemented
[warn] epoll_wait: Function not implemented
[warn] epoll_wait: Function not implemented
[warn] epoll_wait: Function not implemented
[warn] epoll_wait: Function not implemented
[warn] epoll_wait: Function not implemented
[warn] epoll_wait: Function not implemented
[warn] epoll_wait: Function not implemented
[warn] epoll_wait: Function not implemented
[warn] epoll_wait: Function not implemented
[warn] epoll_wait: Function not implemented
[warn] epoll_wait: Function not implemented
[warn] epoll_wait: Function not implemented
[warn] epoll_wait: Function not implemented
[warn] epoll_wait: Function not implemented
[warn] epoll_wait: Function not implemented
[warn] epoll_wait: Function not implemented
[warn] epoll_wait: Function not implemented
[warn] epoll_wait: Function not implemented
[warn] epoll_wait: Function not implemented
[warn] epoll_wait: Function not implemented
[warn] epoll_wait: Function not implemented
[warn] epoll_wait: Function not implemented
[warn] epoll_wait: Function not implemented
[warn] epoll_wait: Function not implemented
[warn] epoll_wait: Function not implemented
[warn] epoll_wait: Function not implemented
The futex facility returned an unexpected error code.
ExceptionHandler::GenerateDump sys_pipe failed:Function not implemented
The futex facility returned an unexpected error code.
ExceptionHandler::GenerateDump sys_pipe failed:Function not implemented
